0 info it worked if it ends with ok
1 verbose cli [ '/Users/matthewderrick/.nvm/v0.10.40/bin/node',
1 verbose cli   '/Users/matthewderrick/.nvm/v0.10.40/bin/npm',
1 verbose cli   'install' ]
2 info using npm@1.4.28
3 info using node@v0.10.40
4 verbose readDependencies using package.json deps
5 verbose install where, deps [ '/Users/matthewderrick/Documents/Work/_60frames/react-boilerplate',
5 verbose install   [ 'react',
5 verbose install     'autoprefixer-loader',
5 verbose install     'babel-core',
5 verbose install     'babel-jest',
5 verbose install     'babel-loader',
5 verbose install     'clone',
5 verbose install     'coding-standards',
5 verbose install     'css-loader',
5 verbose install     'eslint',
5 verbose install     'eslint-plugin-react',
5 verbose install     'extract-text-webpack-plugin',
5 verbose install     'file-loader',
5 verbose install     'jest-cli',
5 verbose install     'stats-webpack-plugin',
5 verbose install     'style-loader',
5 verbose install     'url-loader',
5 verbose install     'webpack' ] ]
6 info preinstall react-boilerplate@1.0.0
7 verbose readDependencies using package.json deps
8 verbose already installed skipping autoprefixer-loader@^2.0.0 /Users/matthewderrick/Documents/Work/_60frames/react-boilerplate
9 verbose already installed skipping babel-core@^5.6.15 /Users/matthewderrick/Documents/Work/_60frames/react-boilerplate
10 verbose already installed skipping babel-jest@^5.3.0 /Users/matthewderrick/Documents/Work/_60frames/react-boilerplate
11 verbose already installed skipping babel-loader@^5.3.1 /Users/matthewderrick/Documents/Work/_60frames/react-boilerplate
12 verbose already installed skipping clone@^1.0.2 /Users/matthewderrick/Documents/Work/_60frames/react-boilerplate
13 verbose cache add [ 'coding-standards@git+ssh://git@github.com:60frames/coding-standards.git#1.0.1',
13 verbose cache add   null ]
14 verbose cache add name=undefined spec="coding-standards@git+ssh://git@github.com:60frames/coding-standards.git#1.0.1" args=["coding-standards@git+ssh://git@github.com:60frames/coding-standards.git#1.0.1",null]
15 verbose parsed url { protocol: null,
15 verbose parsed url   slashes: null,
15 verbose parsed url   auth: null,
15 verbose parsed url   host: null,
15 verbose parsed url   port: null,
15 verbose parsed url   hostname: null,
15 verbose parsed url   hash: '#1.0.1',
15 verbose parsed url   search: null,
15 verbose parsed url   query: null,
15 verbose parsed url   pathname: 'coding-standards@git+ssh://git@github.com:60frames/coding-standards.git',
15 verbose parsed url   path: 'coding-standards@git+ssh://git@github.com:60frames/coding-standards.git',
15 verbose parsed url   href: 'coding-standards@git+ssh://git@github.com:60frames/coding-standards.git#1.0.1' }
16 verbose already installed skipping css-loader@^0.15.1 /Users/matthewderrick/Documents/Work/_60frames/react-boilerplate
17 verbose already installed skipping eslint@^0.24.0 /Users/matthewderrick/Documents/Work/_60frames/react-boilerplate
18 verbose cache add name="coding-standards" spec="git+ssh://git@github.com:60frames/coding-standards.git#1.0.1" args=["coding-standards","git+ssh://git@github.com:60frames/coding-standards.git#1.0.1"]
19 verbose parsed url { protocol: 'git+ssh:',
19 verbose parsed url   slashes: true,
19 verbose parsed url   auth: 'git',
19 verbose parsed url   host: 'github.com',
19 verbose parsed url   port: null,
19 verbose parsed url   hostname: 'github.com',
19 verbose parsed url   hash: '#1.0.1',
19 verbose parsed url   search: null,
19 verbose parsed url   query: null,
19 verbose parsed url   pathname: '/:60frames/coding-standards.git',
19 verbose parsed url   path: '/:60frames/coding-standards.git',
19 verbose parsed url   href: 'git+ssh://git@github.com/:60frames/coding-standards.git#1.0.1' }
20 verbose already installed skipping eslint-plugin-react@^2.6.4 /Users/matthewderrick/Documents/Work/_60frames/react-boilerplate
21 silly lockFile 74bae847-om-60frames-coding-standards-git git@github.com:60frames/coding-standards.git
22 verbose lock git@github.com:60frames/coding-standards.git /Users/matthewderrick/.npm/74bae847-om-60frames-coding-standards-git.lock
23 verbose already installed skipping extract-text-webpack-plugin@^0.8.2 /Users/matthewderrick/Documents/Work/_60frames/react-boilerplate
24 verbose addRemoteGit [ 'git@github.com:60frames/coding-standards.git', '1.0.1' ]
25 verbose already installed skipping file-loader@^0.8.4 /Users/matthewderrick/Documents/Work/_60frames/react-boilerplate
26 verbose already installed skipping jest-cli@0.4.15 /Users/matthewderrick/Documents/Work/_60frames/react-boilerplate
27 verbose already installed skipping stats-webpack-plugin@^0.1.2 /Users/matthewderrick/Documents/Work/_60frames/react-boilerplate
28 verbose already installed skipping style-loader@^0.12.3 /Users/matthewderrick/Documents/Work/_60frames/react-boilerplate
29 verbose already installed skipping url-loader@^0.5.6 /Users/matthewderrick/Documents/Work/_60frames/react-boilerplate
30 verbose already installed skipping webpack@^1.10.1 /Users/matthewderrick/Documents/Work/_60frames/react-boilerplate
31 verbose already installed skipping react@^0.13.3 /Users/matthewderrick/Documents/Work/_60frames/react-boilerplate
32 verbose git clone git@github.com:60frames/coding-standards.git Cloning into bare repository '/Users/matthewderrick/.npm/_git-remotes/git-github-com-60frames-coding-standards-git-74bae847'...
33 verbose git fetch -a origin (git@github.com:60frames/coding-standards.git)
34 verbose git rev-list -n1 1.0.1 966930d57618d2854acf396f0995237e73bec73f
35 verbose resolved git url git+ssh://git@github.com:60frames/coding-standards.git#966930d57618d2854acf396f0995237e73bec73f
36 verbose tar unpack /var/folders/fz/y713tdp96k7_32j7wfrwqjjw0000gn/T/npm-51111-FDlxL2pM/1437081577104-0.20938831963576376/tmp.tgz
37 silly lockFile ffe4aa11-20938831963576376-tmp-tgz-unpack tar:///var/folders/fz/y713tdp96k7_32j7wfrwqjjw0000gn/T/npm-51111-FDlxL2pM/1437081577104-0.20938831963576376/tmp.tgz-unpack
38 verbose lock tar:///var/folders/fz/y713tdp96k7_32j7wfrwqjjw0000gn/T/npm-51111-FDlxL2pM/1437081577104-0.20938831963576376/tmp.tgz-unpack /Users/matthewderrick/.npm/ffe4aa11-20938831963576376-tmp-tgz-unpack.lock
39 silly lockFile de481dcf-7104-0-20938831963576376-tmp-tgz tar:///var/folders/fz/y713tdp96k7_32j7wfrwqjjw0000gn/T/npm-51111-FDlxL2pM/1437081577104-0.20938831963576376/tmp.tgz
40 verbose lock tar:///var/folders/fz/y713tdp96k7_32j7wfrwqjjw0000gn/T/npm-51111-FDlxL2pM/1437081577104-0.20938831963576376/tmp.tgz /Users/matthewderrick/.npm/de481dcf-7104-0-20938831963576376-tmp-tgz.lock
41 silly gunzTarPerm modes [ '755', '644' ]
42 silly gunzTarPerm extractEntry
43 silly gunzTarPerm modified mode [ '', 509, 493 ]
44 silly gunzTarPerm extractEntry .editorconfig
45 silly gunzTarPerm modified mode [ '.editorconfig', 436, 420 ]
46 silly gunzTarPerm extractEntry .eslintrc-browser
47 silly gunzTarPerm modified mode [ '.eslintrc-browser', 436, 420 ]
48 silly gunzTarPerm extractEntry .eslintrc-default
49 silly gunzTarPerm modified mode [ '.eslintrc-default', 436, 420 ]
50 silly gunzTarPerm extractEntry .eslintrc-node
51 silly gunzTarPerm modified mode [ '.eslintrc-node', 436, 420 ]
52 silly gunzTarPerm extractEntry .eslintrc-react
53 silly gunzTarPerm modified mode [ '.eslintrc-react', 436, 420 ]
54 silly gunzTarPerm extractEntry .eslintrc-test
55 silly gunzTarPerm modified mode [ '.eslintrc-test', 436, 420 ]
56 silly gunzTarPerm extractEntry .gitignore
57 silly gunzTarPerm modified mode [ '.gitignore', 436, 420 ]
58 silly gunzTarPerm extractEntry README.md
59 silly gunzTarPerm modified mode [ 'README.md', 436, 420 ]
60 silly gunzTarPerm extractEntry package.json
61 silly gunzTarPerm modified mode [ 'package.json', 436, 420 ]
62 silly lockFile ffe4aa11-20938831963576376-tmp-tgz-unpack tar:///var/folders/fz/y713tdp96k7_32j7wfrwqjjw0000gn/T/npm-51111-FDlxL2pM/1437081577104-0.20938831963576376/tmp.tgz-unpack
63 silly lockFile ffe4aa11-20938831963576376-tmp-tgz-unpack tar:///var/folders/fz/y713tdp96k7_32j7wfrwqjjw0000gn/T/npm-51111-FDlxL2pM/1437081577104-0.20938831963576376/tmp.tgz-unpack
64 silly lockFile de481dcf-7104-0-20938831963576376-tmp-tgz tar:///var/folders/fz/y713tdp96k7_32j7wfrwqjjw0000gn/T/npm-51111-FDlxL2pM/1437081577104-0.20938831963576376/tmp.tgz
65 silly lockFile de481dcf-7104-0-20938831963576376-tmp-tgz tar:///var/folders/fz/y713tdp96k7_32j7wfrwqjjw0000gn/T/npm-51111-FDlxL2pM/1437081577104-0.20938831963576376/tmp.tgz
66 silly lockFile 74bae847-om-60frames-coding-standards-git git@github.com:60frames/coding-standards.git
67 silly lockFile 74bae847-om-60frames-coding-standards-git git@github.com:60frames/coding-standards.git
68 silly resolved [ { name: 'coding-standards',
68 silly resolved     version: '1.0.1',
68 silly resolved     description: '60fram.es coding standards.',
68 silly resolved     main: '',
68 silly resolved     scripts: { test: 'echo "Error: no test specified" && exit 1' },
68 silly resolved     repository:
68 silly resolved      { type: 'git',
68 silly resolved        url: 'https://github.com/60frames/coding-standards.git' },
68 silly resolved     author:
68 silly resolved      { name: '60frames',
68 silly resolved        email: 'devs@60fram.es',
68 silly resolved        url: 'http://60fram.es' },
68 silly resolved     contributors: [ [Object], [Object], [Object] ],
68 silly resolved     bugs: { url: 'https://github.com/60frames/coding-standards/issues' },
68 silly resolved     homepage: 'https://github.com/60frames/coding-standards',
68 silly resolved     peerDependencies: { eslint: null, 'eslint-plugin-react': null },
68 silly resolved     readme: '# coding-standards\n\nThis README will eventually outline coding standards and preferred best\npractices which cannot be enforced through automated tools.\n\n## .eslintrc usage example\n```\n    .\n    ├── src\n    │   ├── .eslintrc /* extends .eslintrc-browser || .eslintrc-react */\n    │   └── test\n    │       └── .eslintrc /* extends .eslintrc-test */\n    └── server\n        ├── .eslintrc /* extends .eslintrc-node */\n        └── test\n            └── .eslintrc /* extends .eslintrc-test */\n```\n',
68 silly resolved     readmeFilename: 'README.md',
68 silly resolved     _id: 'coding-standards@1.0.1',
68 silly resolved     _shasum: '50178c34979827d9271207d6a5094df82adccdd8',
68 silly resolved     _resolved: 'git+ssh://git@github.com:60frames/coding-standards.git#966930d57618d2854acf396f0995237e73bec73f',
68 silly resolved     _from: 'coding-standards@git+ssh://git@github.com:60frames/coding-standards.git#1.0.1' } ]
69 info install coding-standards@1.0.1 into /Users/matthewderrick/Documents/Work/_60frames/react-boilerplate
70 info installOne coding-standards@1.0.1
71 verbose node_modules/coding-standards unbuild
72 verbose tar unpack /Users/matthewderrick/.npm/coding-standards/1.0.1/package.tgz
73 silly lockFile 5b84121a-te-node-modules-coding-standards tar:///Users/matthewderrick/Documents/Work/_60frames/react-boilerplate/node_modules/coding-standards
74 verbose lock tar:///Users/matthewderrick/Documents/Work/_60frames/react-boilerplate/node_modules/coding-standards /Users/matthewderrick/.npm/5b84121a-te-node-modules-coding-standards.lock
75 silly lockFile afdd0203-ding-standards-1-0-1-package-tgz tar:///Users/matthewderrick/.npm/coding-standards/1.0.1/package.tgz
76 verbose lock tar:///Users/matthewderrick/.npm/coding-standards/1.0.1/package.tgz /Users/matthewderrick/.npm/afdd0203-ding-standards-1-0-1-package-tgz.lock
77 silly gunzTarPerm modes [ '755', '644' ]
78 silly gunzTarPerm extractEntry
79 silly gunzTarPerm modified mode [ '', 509, 493 ]
80 silly gunzTarPerm extractEntry .editorconfig
81 silly gunzTarPerm modified mode [ '.editorconfig', 436, 420 ]
82 silly gunzTarPerm extractEntry .eslintrc-browser
83 silly gunzTarPerm modified mode [ '.eslintrc-browser', 436, 420 ]
84 silly gunzTarPerm extractEntry .eslintrc-default
85 silly gunzTarPerm modified mode [ '.eslintrc-default', 436, 420 ]
86 silly gunzTarPerm extractEntry .eslintrc-node
87 silly gunzTarPerm modified mode [ '.eslintrc-node', 436, 420 ]
88 silly gunzTarPerm extractEntry .eslintrc-react
89 silly gunzTarPerm modified mode [ '.eslintrc-react', 436, 420 ]
90 silly gunzTarPerm extractEntry .eslintrc-test
91 silly gunzTarPerm modified mode [ '.eslintrc-test', 436, 420 ]
92 silly gunzTarPerm extractEntry .gitignore
93 silly gunzTarPerm modified mode [ '.gitignore', 436, 420 ]
94 silly gunzTarPerm extractEntry README.md
95 silly gunzTarPerm modified mode [ 'README.md', 436, 420 ]
96 silly gunzTarPerm extractEntry package.json
97 silly gunzTarPerm modified mode [ 'package.json', 436, 420 ]
98 silly lockFile 5b84121a-te-node-modules-coding-standards tar:///Users/matthewderrick/Documents/Work/_60frames/react-boilerplate/node_modules/coding-standards
99 silly lockFile 5b84121a-te-node-modules-coding-standards tar:///Users/matthewderrick/Documents/Work/_60frames/react-boilerplate/node_modules/coding-standards
100 silly lockFile afdd0203-ding-standards-1-0-1-package-tgz tar:///Users/matthewderrick/.npm/coding-standards/1.0.1/package.tgz
101 silly lockFile afdd0203-ding-standards-1-0-1-package-tgz tar:///Users/matthewderrick/.npm/coding-standards/1.0.1/package.tgz
102 info preinstall coding-standards@1.0.1
103 verbose readDependencies using package.json deps
104 verbose readDependencies using package.json deps
105 silly resolved []
106 verbose about to build /Users/matthewderrick/Documents/Work/_60frames/react-boilerplate/node_modules/coding-standards
107 info build /Users/matthewderrick/Documents/Work/_60frames/react-boilerplate/node_modules/coding-standards
108 verbose linkStuff [ false,
108 verbose linkStuff   false,
108 verbose linkStuff   false,
108 verbose linkStuff   '/Users/matthewderrick/Documents/Work/_60frames/react-boilerplate/node_modules' ]
109 info linkStuff coding-standards@1.0.1
110 verbose linkBins coding-standards@1.0.1
111 verbose linkMans coding-standards@1.0.1
112 verbose rebuildBundles coding-standards@1.0.1
113 info install coding-standards@1.0.1
114 info postinstall coding-standards@1.0.1
115 verbose readDependencies using package.json deps
116 verbose already installed skipping eslint@null /Users/matthewderrick/Documents/Work/_60frames/react-boilerplate
117 verbose already installed skipping eslint-plugin-react@null /Users/matthewderrick/Documents/Work/_60frames/react-boilerplate
118 silly resolved []
119 info build /Users/matthewderrick/Documents/Work/_60frames/react-boilerplate
120 verbose linkStuff [ false,
120 verbose linkStuff   false,
120 verbose linkStuff   false,
120 verbose linkStuff   '/Users/matthewderrick/Documents/Work/_60frames' ]
121 info linkStuff react-boilerplate@1.0.0
122 verbose linkBins react-boilerplate@1.0.0
123 verbose linkMans react-boilerplate@1.0.0
124 verbose rebuildBundles react-boilerplate@1.0.0
125 verbose rebuildBundles [ '.bin',
125 verbose rebuildBundles   'autoprefixer-loader',
125 verbose rebuildBundles   'babel-core',
125 verbose rebuildBundles   'babel-jest',
125 verbose rebuildBundles   'babel-loader',
125 verbose rebuildBundles   'clone',
125 verbose rebuildBundles   'coding-standards',
125 verbose rebuildBundles   'css-loader',
125 verbose rebuildBundles   'eslint',
125 verbose rebuildBundles   'eslint-plugin-react',
125 verbose rebuildBundles   'extract-text-webpack-plugin',
125 verbose rebuildBundles   'file-loader',
125 verbose rebuildBundles   'jest-cli',
125 verbose rebuildBundles   'node-libs-browser',
125 verbose rebuildBundles   'react',
125 verbose rebuildBundles   'stats-webpack-plugin',
125 verbose rebuildBundles   'style-loader',
125 verbose rebuildBundles   'url-loader',
125 verbose rebuildBundles   'webpack' ]
126 verbose rebuild bundle /Users/matthewderrick/Documents/Work/_60frames/react-boilerplate/node_modules/node-libs-browser
127 info build /Users/matthewderrick/Documents/Work/_60frames/react-boilerplate/node_modules/node-libs-browser
128 info preinstall node-libs-browser@0.5.2
129 verbose linkStuff [ false,
129 verbose linkStuff   false,
129 verbose linkStuff   false,
129 verbose linkStuff   '/Users/matthewderrick/Documents/Work/_60frames/react-boilerplate/node_modules' ]
130 info linkStuff node-libs-browser@0.5.2
131 verbose linkBins node-libs-browser@0.5.2
132 verbose linkMans node-libs-browser@0.5.2
133 verbose rebuildBundles node-libs-browser@0.5.2
134 verbose rebuildBundles [ 'assert',
134 verbose rebuildBundles   'browserify-zlib',
134 verbose rebuildBundles   'buffer',
134 verbose rebuildBundles   'console-browserify',
134 verbose rebuildBundles   'constants-browserify',
134 verbose rebuildBundles   'crypto-browserify',
134 verbose rebuildBundles   'domain-browser',
134 verbose rebuildBundles   'events',
134 verbose rebuildBundles   'http-browserify',
134 verbose rebuildBundles   'https-browserify',
134 verbose rebuildBundles   'os-browserify',
134 verbose rebuildBundles   'path-browserify',
134 verbose rebuildBundles   'process',
134 verbose rebuildBundles   'punycode',
134 verbose rebuildBundles   'querystring-es3',
134 verbose rebuildBundles   'readable-stream',
134 verbose rebuildBundles   'stream-browserify',
134 verbose rebuildBundles   'string_decoder',
134 verbose rebuildBundles   'timers-browserify',
134 verbose rebuildBundles   'tty-browserify',
134 verbose rebuildBundles   'url',
134 verbose rebuildBundles   'util',
134 verbose rebuildBundles   'vm-browserify' ]
135 info install node-libs-browser@0.5.2
136 info postinstall node-libs-browser@0.5.2
137 info install react-boilerplate@1.0.0
138 info postinstall react-boilerplate@1.0.0
139 info prepublish react-boilerplate@1.0.0
140 error peerinvalid The package eslint does not satisfy its siblings' peerDependencies requirements!
140 error peerinvalid Peer eslint-plugin-react@2.7.0 wants eslint@>=0.8.0
141 error System Darwin 14.3.0
142 error command "/Users/matthewderrick/.nvm/v0.10.40/bin/node" "/Users/matthewderrick/.nvm/v0.10.40/bin/npm" "install"
143 error cwd /Users/matthewderrick/Documents/Work/_60frames/react-boilerplate
144 error node -v v0.10.40
145 error npm -v 1.4.28
146 error code EPEERINVALID
147 verbose exit [ 1, true ]
